<?xml version="1.0" encoding="UTF-8"?>
<!-- Generated by org.testng.reporters.JUnitReportReporter -->
<testsuite hostname="IBM472-R90HR3JC" name="old.ItemSearchNGTest" tests="1" failures="0" timestamp="12 Jan 2018 05:46:09 GMT" time="10.169" errors="0">
  <testcase name="testChromeSelenium" time="10.169" classname="old.ItemSearchNGTest"/>
</testsuite> <!-- old.ItemSearchNGTest -->
