<?xml version="1.0" encoding="UTF-8"?>
<!-- Generated by org.testng.reporters.JUnitReportReporter -->
<testsuite hostname="IBM472-R90HR3JC" name="com.mycompany.app.JM_Automation.AppTest" tests="1" failures="0" timestamp="12 Jan 2018 05:46:09 GMT" time="0.001" errors="0">
  <testcase name="testApp" time="0.001" classname="com.mycompany.app.JM_Automation.AppTest"/>
</testsuite> <!-- com.mycompany.app.JM_Automation.AppTest -->
