<?xml version="1.0" encoding="UTF-8"?>
<!-- Generated by org.testng.reporters.JUnitReportReporter -->
<testsuite skipped="0" hostname="IBM472-R90HR3JC" name="Tests.ItemSearchNGTest" tests="1" failures="0" timestamp="16 Jan 2018 18:02:42 GMT" time="29.037" errors="0">
  <testcase name="testChromeSelenium" time="29.037" classname="Tests.ItemSearchNGTest"/>
</testsuite> <!-- Tests.ItemSearchNGTest -->
