<?xml version="1.0" encoding="UTF-8"?>
<!-- Generated by org.testng.reporters.JUnitReportReporter -->
<testsuite skipped="0" hostname="IBM472-R90HR3JC" name="Tests.LoginTest" tests="1" failures="0" timestamp="16 Jan 2018 18:02:42 GMT" time="16.262" errors="0">
  <testcase name="LoginTestWithParam" time="16.262" classname="Tests.LoginTest"/>
</testsuite> <!-- Tests.LoginTest -->
